Base path: /Applications/Unity/Unity.app/Contents
Cmd: initializeCompiler
Cmd: compileComputeKernel
  api=14 insize=3070 outsize=48849 ok=1
Cmd: translateComputeKernel
  api=14 insize=48469 outsize=85357 ok=1
Cmd: translateComputeKernel
  api=14 insize=5397 outsize=7573 ok=1
Cmd: translateComputeKernel
  api=14 insize=3445 outsize=6009 ok=1
Cmd: compileComputeKernel
  api=14 insize=18299 outsize=11321 ok=1
Cmd: translateComputeKernel
  api=14 insize=9721 outsize=16629 ok=1
Cmd: translateComputeKernel
  api=14 insize=11797 outsize=25505 ok=1
Cmd: translateComputeKernel
  api=14 insize=2129 outsize=3477 ok=1
Cmd: translateComputeKernel
  api=14 insize=1145 outsize=1433 ok=1
Cmd: initializeCompiler

Quitting shader compiler process
