Base path: /Applications/Unity/Unity.app/Contents
Cmd: initializeCompiler
Cmd: compileComputeKernel
  api=14 insize=13661 outsize=112597 ok=1
Cmd: compileComputeKernel
  api=14 insize=13661 outsize=80781 ok=1
Cmd: compileComputeKernel
  api=14 insize=13661 outsize=44053 ok=1
Cmd: compileComputeKernel
  api=14 insize=13661 outsize=44017 ok=1
Cmd: compileComputeKernel
  api=14 insize=13661 outsize=44677 ok=1
Cmd: compileComputeKernel
  api=14 insize=13661 outsize=43821 ok=1
Cmd: translateComputeKernel
  api=14 insize=112669 outsize=252197 ok=1
Cmd: translateComputeKernel
  api=14 insize=50389 outsize=97857 ok=1
Cmd: translateComputeKernel
  api=14 insize=75773 outsize=158717 ok=1
Cmd: compileComputeKernel
  api=14 insize=26681 outsize=17433 ok=1
Cmd: compileComputeKernel
  api=14 insize=26681 outsize=749 ok=1
Cmd: translateComputeKernel
  api=14 insize=18109 outsize=35029 ok=1
Cmd: compileComputeKernel
  api=14 insize=2711 outsize=8673 ok=1
Cmd: translateComputeKernel
  api=14 insize=11297 outsize=22357 ok=1
Cmd: translateComputeKernel
  api=14 insize=5765 outsize=8357 ok=1
Cmd: translateComputeKernel
  api=14 insize=12037 outsize=24565 ok=1
Cmd: compileComputeKernel
  api=14 insize=18731 outsize=11321 ok=1
Cmd: translateComputeKernel
  api=14 insize=11321 outsize=24829 ok=1
Cmd: translateComputeKernel
  api=14 insize=1497 outsize=1785 ok=1
Cmd: compileComputeKernel
  api=14 insize=19063 outsize=17693 ok=1
Cmd: translateComputeKernel
  api=14 insize=17693 outsize=36057 ok=1
Cmd: compileComputeKernel
  api=14 insize=20370 outsize=102305 ok=1
Cmd: translateComputeKernel
  api=14 insize=102301 outsize=625257 ok=1
Cmd: compileComputeKernel
  api=14 insize=36517 outsize=58225 ok=1
Cmd: translateComputeKernel
  api=14 insize=43041 outsize=85601 ok=1
Cmd: compileComputeKernel
  api=14 insize=8350 outsize=2405 ok=1
Cmd: translateComputeKernel
  api=14 insize=23913 outsize=38085 ok=1
Cmd: translateComputeKernel
  api=14 insize=14529 outsize=13677 ok=1
Cmd: translateComputeKernel
  api=14 insize=1509 outsize=2273 ok=1
Cmd: compileComputeKernel
  api=14 insize=16866 outsize=6785 ok=1
Cmd: compileComputeKernel
  api=14 insize=16866 outsize=7385 ok=1
Cmd: compileComputeKernel
  api=14 insize=16866 outsize=9233 ok=1
Cmd: compileComputeKernel
  api=14 insize=16866 outsize=10773 ok=1
Cmd: compileComputeKernel
  api=14 insize=16866 outsize=8525 ok=1
Cmd: compileComputeKernel
  api=14 insize=16866 outsize=9721 ok=1
Cmd: compileComputeKernel
  api=14 insize=16866 outsize=10277 ok=1
Cmd: translateComputeKernel
  api=14 insize=7245 outsize=13237 ok=1
Cmd: translateComputeKernel
  api=14 insize=7809 outsize=13981 ok=1
Cmd: translateComputeKernel
  api=14 insize=9797 outsize=17941 ok=1
Cmd: translateComputeKernel
  api=14 insize=10393 outsize=19769 ok=1
Cmd: translateComputeKernel
  api=14 insize=9085 outsize=17037 ok=1
Cmd: translateComputeKernel
  api=14 insize=9573 outsize=17841 ok=1
Cmd: translateComputeKernel
  api=14 insize=11945 outsize=22445 ok=1
Cmd: translateComputeKernel
  api=14 insize=11865 outsize=23253 ok=1
Cmd: compileComputeKernel
  api=14 insize=1192 outsize=873 ok=1
Cmd: initializeCompiler
Cmd: initializeCompiler
Cmd: initializeCompiler
Cmd: initializeCompiler
Cmd: initializeCompiler
Cmd: initializeCompiler
