Base path: /Applications/Unity/Unity.app/Contents
Cmd: initializeCompiler
Cmd: compileComputeKernel
  api=14 insize=13661 outsize=51321 ok=1
Cmd: compileComputeKernel
  api=14 insize=13661 outsize=59477 ok=1
Cmd: compileComputeKernel
  api=14 insize=13661 outsize=47877 ok=1
Cmd: compileComputeKernel
  api=14 insize=13661 outsize=55205 ok=1
Cmd: compileComputeKernel
  api=14 insize=13661 outsize=53761 ok=1
Cmd: compileComputeKernel
  api=14 insize=13661 outsize=41513 ok=1
Cmd: compileComputeKernel
  api=14 insize=13661 outsize=61053 ok=1
Cmd: compileComputeKernel
  api=14 insize=13661 outsize=56937 ok=1
Cmd: compileComputeKernel
  api=14 insize=13661 outsize=49093 ok=1
Cmd: translateComputeKernel
  api=14 insize=102729 outsize=227661 ok=1
Cmd: translateComputeKernel
  api=14 insize=32009 outsize=49973 ok=1
Cmd: translateComputeKernel
  api=14 insize=53661 outsize=105909 ok=1
Cmd: translateComputeKernel
  api=14 insize=54093 outsize=112433 ok=1
Cmd: translateComputeKernel
  api=14 insize=44773 outsize=82757 ok=1
Cmd: translateComputeKernel
  api=14 insize=61773 outsize=124341 ok=1
Cmd: translateComputeKernel
  api=14 insize=44577 outsize=82817 ok=1
Cmd: translateComputeKernel
  api=14 insize=104693 outsize=243257 ok=1
Cmd: compileComputeKernel
  api=14 insize=26681 outsize=17865 ok=1
Cmd: translateComputeKernel
  api=14 insize=17865 outsize=34773 ok=1
Cmd: translateComputeKernel
  api=14 insize=841 outsize=785 ok=1
Cmd: compileComputeKernel
  api=14 insize=11176 outsize=10553 ok=1
Cmd: translateComputeKernel
  api=14 insize=12809 outsize=10213 ok=1
Cmd: translateComputeKernel
  api=14 insize=7289 outsize=11297 ok=1
Cmd: translateComputeKernel
  api=14 insize=7005 outsize=13553 ok=1
Cmd: compileComputeKernel
  api=14 insize=18731 outsize=9953 ok=1
Cmd: compileComputeKernel
  api=14 insize=18731 outsize=11489 ok=1
Cmd: translateComputeKernel
  api=14 insize=9533 outsize=16357 ok=1
Cmd: compileComputeKernel
  api=14 insize=19063 outsize=17205 ok=1
Cmd: translateComputeKernel
  api=14 insize=16557 outsize=33969 ok=1
Cmd: compileComputeKernel
  api=14 insize=2953 outsize=793 ok=1
Cmd: translateComputeKernel
  api=14 insize=1093 outsize=1081 ok=1
Cmd: compileComputeKernel
  api=14 insize=36517 outsize=45097 ok=1
Cmd: translateComputeKernel
  api=14 insize=45429 outsize=89849 ok=1
Cmd: compileComputeKernel
  api=14 insize=17323 outsize=23825 ok=1
Cmd: compileComputeKernel
  api=14 insize=14079 outsize=14261 ok=1
Cmd: compileComputeKernel
  api=14 insize=16866 outsize=6473 ok=1
Cmd: compileComputeKernel
  api=14 insize=16866 outsize=7073 ok=1
Cmd: compileComputeKernel
  api=14 insize=16866 outsize=8777 ok=1
Cmd: compileComputeKernel
  api=14 insize=16866 outsize=9333 ok=1
Cmd: compileComputeKernel
  api=14 insize=16866 outsize=7541 ok=1
Cmd: compileComputeKernel
  api=14 insize=16866 outsize=9009 ok=1
Cmd: compileComputeKernel
  api=14 insize=16866 outsize=10249 ok=1
Cmd: compileComputeKernel
  api=14 insize=16866 outsize=10805 ok=1
Cmd: translateComputeKernel
  api=14 insize=7557 outsize=13877 ok=1
Cmd: translateComputeKernel
  api=14 insize=8197 outsize=14701 ok=1
Cmd: translateComputeKernel
  api=14 insize=8881 outsize=16689 ok=1
Cmd: translateComputeKernel
  api=14 insize=7617 outsize=14209 ok=1
Cmd: translateComputeKernel
  api=14 insize=8181 outsize=15001 ok=1
Cmd: translateComputeKernel
  api=14 insize=9757 outsize=18249 ok=1
Cmd: translateComputeKernel
  api=14 insize=10353 outsize=20161 ok=1
Cmd: translateComputeKernel
  api=14 insize=5113 outsize=9205 ok=1
Cmd: initializeCompiler
Cmd: initializeCompiler
Cmd: initializeCompiler
Cmd: initializeCompiler
Cmd: initializeCompiler
Cmd: initializeCompiler
